<?xml version="1.0" encoding="UTF-8"?>
<!-- Generated by org.testng.reporters.JUnitReportReporter -->
<testsuite hostname="CTRLSOFT" failures="0" tests="2" name="programs.Test2" time="52.514" errors="0" timestamp="2023-08-18T00:45:50 IST" skipped="0">
  <testcase classname="programs.Test2" name="method1" time="52.427"/>
  <testcase classname="programs.Test2" name="method2" time="0.087"/>
</testsuite> <!-- programs.Test2 -->
