<?xml version="1.0" encoding="UTF-8"?>
<!-- Generated by org.testng.reporters.JUnitReportReporter -->
<testsuite hostname="LAPTOP-5VCPLCTS" failures="0" tests="3" name="programs.Test1" time="7.056" errors="0" timestamp="2023-08-17T23:04:18 IST" skipped="0">
  <testcase classname="programs.Test1" name="method1" time="6.911"/>
  <testcase classname="programs.Test1" name="method2" time="0.029"/>
  <testcase classname="programs.Test1" name="method3" time="0.116"/>
</testsuite> <!-- programs.Test1 -->
